This is pdfTeX, Version 3.1415926-2.4-1.40.13 (TeX Live 2012/Debian) (format=pdflatex 2013.5.14)  23 OCT 2013 21:12
entering extended mode
 restricted \write18 enabled.
 %&-line parsing enabled.
**simground.tex
(./simground.tex
LaTeX2e <2011/06/27>
Babel <v3.8m> and hyphenation patterns for english, dumylang, nohyphenation, lo
aded.
(./mn2e.cls
Document Class: mn2e 2001/02/06 v2.2 LaTeX2e MN document class
Document Style `MN' v2.2, released 2001 February 20
\math@groups=\toks14
LaTeX Font Info:    Overwriting symbol font `symbols' in version `bold'
(Font)                  OMS/cmsy/b/n --> OMS/cmsy/b/n on input line 223.
\symbmisymbols=\mathgroup4
\symUPM=\mathgroup5
LaTeX Font Info:    Overwriting symbol font `UPM' in version `bold'
(Font)                  U/eur/m/n --> U/eur/b/n on input line 260.
\symAMSa=\mathgroup6
\SFB@measure=\dimen102
\realparindent=\skip41
\c@part=\count79
\c@section=\count80
\c@subsection=\count81
\c@subsubsection=\count82
\c@paragraph=\count83
\c@subparagraph=\count84
\@indentskip=\skip42
\smallindent=\skip43
\@footindent=\skip44
\@leftskip=\skip45
\c@dummy=\count85
(/usr/share/texlive/texmf-dist/tex/latex/natbib/natbib.sty
Package: natbib 2010/09/13 8.31b (PWD, AO)
\bibhang=\skip46
\bibsep=\skip47
LaTeX Info: Redefining \cite on input line 694.
\c@NAT@ctr=\count86
)
\c@table=\count87
\c@figure=\count88
\mathindent=\dimen103
)
(/usr/share/texlive/texmf-dist/tex/latex/amsmath/amsmath.sty
Package: amsmath 2000/07/18 v2.13 AMS math features
\@mathmargin=\skip48

For additional information on amsmath, use the `?' option.
(/usr/share/texlive/texmf-dist/tex/latex/amsmath/amstext.sty
Package: amstext 2000/06/29 v2.01

(/usr/share/texlive/texmf-dist/tex/latex/amsmath/amsgen.sty
File: amsgen.sty 1999/11/30 v2.0
\@emptytoks=\toks15
\ex@=\dimen104
))
(/usr/share/texlive/texmf-dist/tex/latex/amsmath/amsbsy.sty
Package: amsbsy 1999/11/29 v1.2d
\pmbraise@=\dimen105
)
(/usr/share/texlive/texmf-dist/tex/latex/amsmath/amsopn.sty
Package: amsopn 1999/12/14 v2.01 operator names
)
\inf@bad=\count89
LaTeX Info: Redefining \frac on input line 211.
\uproot@=\count90
\leftroot@=\count91
LaTeX Info: Redefining \overline on input line 307.
\classnum@=\count92
\DOTSCASE@=\count93
LaTeX Info: Redefining \ldots on input line 379.
LaTeX Info: Redefining \dots on input line 382.
LaTeX Info: Redefining \cdots on input line 467.
\Mathstrutbox@=\box26
\strutbox@=\box27
\big@size=\dimen106
LaTeX Font Info:    Redeclaring font encoding OML on input line 567.
LaTeX Font Info:    Redeclaring font encoding OMS on input line 568.
\macc@depth=\count94
\c@MaxMatrixCols=\count95
\dotsspace@=\muskip10
\c@parentequation=\count96
\dspbrk@lvl=\count97
\tag@help=\toks16
\row@=\count98
\column@=\count99
\maxfields@=\count100
\andhelp@=\toks17
\eqnshift@=\dimen107
\alignsep@=\dimen108
\tagshift@=\dimen109
\tagwidth@=\dimen110
\totwidth@=\dimen111
\lineht@=\dimen112
\@envbody=\toks18
\multlinegap=\skip49
\multlinetaggap=\skip50
\mathdisplay@stack=\toks19
LaTeX Info: Redefining \[ on input line 2666.
LaTeX Info: Redefining \] on input line 2667.
)
(/usr/share/texlive/texmf-dist/tex/latex/base/latexsym.sty
Package: latexsym 1998/08/17 v2.2e Standard LaTeX package (lasy symbols)
\symlasy=\mathgroup7
LaTeX Font Info:    Overwriting symbol font `lasy' in version `bold'
(Font)                  U/lasy/m/n --> U/lasy/b/n on input line 47.
)
(/usr/share/texlive/texmf-dist/tex/latex/amsfonts/amssymb.sty
Package: amssymb 2009/06/22 v3.00

(/usr/share/texlive/texmf-dist/tex/latex/amsfonts/amsfonts.sty
Package: amsfonts 2009/06/22 v3.00 Basic AMSFonts support
LaTeX Font Info:    Redeclaring symbol font `AMSa' on input line 49.
LaTeX Font Info:    Overwriting symbol font `AMSa' in version `normal'
(Font)                  U/msa/m/n --> U/msa/m/n on input line 49.
LaTeX Font Info:    Overwriting symbol font `AMSa' in version `bold'
(Font)                  U/msa/m/n --> U/msa/m/n on input line 49.
\symAMSb=\mathgroup8
LaTeX Font Info:    Overwriting math alphabet `\mathfrak' in version `bold'
(Font)                  U/euf/m/n --> U/euf/b/n on input line 96.
)
LaTeX Font Info:    Redeclaring math symbol \leqslant on input line 96.
LaTeX Font Info:    Redeclaring math symbol \geqslant on input line 103.
)
(/usr/share/texlive/texmf-dist/tex/latex/graphics/epsfig.sty
Package: epsfig 1999/02/16 v1.7a (e)psfig emulation (SPQR)

(/usr/share/texlive/texmf-dist/tex/latex/graphics/graphicx.sty
Package: graphicx 1999/02/16 v1.0f Enhanced LaTeX Graphics (DPC,SPQR)

(/usr/share/texlive/texmf-dist/tex/latex/graphics/keyval.sty
Package: keyval 1999/03/16 v1.13 key=value parser (DPC)
\KV@toks@=\toks20
)
(/usr/share/texlive/texmf-dist/tex/latex/graphics/graphics.sty
Package: graphics 2009/02/05 v1.0o Standard LaTeX Graphics (DPC,SPQR)

(/usr/share/texlive/texmf-dist/tex/latex/graphics/trig.sty
Package: trig 1999/03/16 v1.09 sin cos tan (DPC)
)
(/usr/share/texlive/texmf-dist/tex/latex/latexconfig/graphics.cfg
File: graphics.cfg 2010/04/23 v1.9 graphics configuration of TeX Live
)
Package graphics Info: Driver file: pdftex.def on input line 91.

(/usr/share/texlive/texmf-dist/tex/latex/pdftex-def/pdftex.def
File: pdftex.def 2011/05/27 v0.06d Graphics/color for pdfTeX

(/usr/share/texlive/texmf-dist/tex/generic/oberdiek/infwarerr.sty
Package: infwarerr 2010/04/08 v1.3 Providing info/warning/error messages (HO)
)
(/usr/share/texlive/texmf-dist/tex/generic/oberdiek/ltxcmds.sty
Package: ltxcmds 2011/11/09 v1.22 LaTeX kernel commands for general use (HO)
)
\Gread@gobject=\count101
))
\Gin@req@height=\dimen113
\Gin@req@width=\dimen114
)
\epsfxsize=\dimen115
\epsfysize=\dimen116
)
No file simground.aux.
\openout1 = `simground.aux'.

LaTeX Font Info:    Checking defaults for OML/cmm/m/it on input line 121.
LaTeX Font Info:    ... okay on input line 121.
LaTeX Font Info:    Checking defaults for T1/cmr/m/n on input line 121.
LaTeX Font Info:    ... okay on input line 121.
LaTeX Font Info:    Checking defaults for OT1/cmr/m/n on input line 121.
LaTeX Font Info:    ... okay on input line 121.
LaTeX Font Info:    Checking defaults for OMS/cmsy/m/n on input line 121.
LaTeX Font Info:    ... okay on input line 121.
LaTeX Font Info:    Checking defaults for OMX/cmex/m/n on input line 121.
LaTeX Font Info:    ... okay on input line 121.
LaTeX Font Info:    Checking defaults for U/cmr/m/n on input line 121.
LaTeX Font Info:    ... okay on input line 121.
(/usr/share/texlive/texmf-dist/tex/context/base/supp-pdf.mkii
[Loading MPS to PDF converter (version 2006.09.02).]
\scratchcounter=\count102
\scratchdimen=\dimen117
\scratchbox=\box28
\nofMPsegments=\count103
\nofMParguments=\count104
\everyMPshowfont=\toks21
\MPscratchCnt=\count105
\MPscratchDim=\dimen118
\MPnumerator=\count106
\makeMPintoPDFobject=\count107
\everyMPtoPDFconversion=\toks22
) (/usr/share/texlive/texmf-dist/tex/generic/oberdiek/pdftexcmds.sty
Package: pdftexcmds 2011/11/29 v0.20 Utility functions of pdfTeX for LuaTeX (HO
)

(/usr/share/texlive/texmf-dist/tex/generic/oberdiek/ifluatex.sty
Package: ifluatex 2010/03/01 v1.3 Provides the ifluatex switch (HO)
Package ifluatex Info: LuaTeX not detected.
)
(/usr/share/texlive/texmf-dist/tex/generic/oberdiek/ifpdf.sty
Package: ifpdf 2011/01/30 v2.3 Provides the ifpdf switch (HO)
Package ifpdf Info: pdfTeX in PDF mode is detected.
)
Package pdftexcmds Info: LuaTeX not detected.
Package pdftexcmds Info: \pdf@primitive is available.
Package pdftexcmds Info: \pdf@ifprimitive is available.
Package pdftexcmds Info: \pdfdraftmode found.
)
(/usr/share/texlive/texmf-dist/tex/latex/oberdiek/epstopdf-base.sty
Package: epstopdf-base 2010/02/09 v2.5 Base part for package epstopdf

(/usr/share/texlive/texmf-dist/tex/latex/oberdiek/grfext.sty
Package: grfext 2010/08/19 v1.1 Manage graphics extensions (HO)

(/usr/share/texlive/texmf-dist/tex/generic/oberdiek/kvdefinekeys.sty
Package: kvdefinekeys 2011/04/07 v1.3 Define keys (HO)
))
(/usr/share/texlive/texmf-dist/tex/latex/oberdiek/kvoptions.sty
Package: kvoptions 2011/06/30 v3.11 Key value format for package options (HO)

(/usr/share/texlive/texmf-dist/tex/generic/oberdiek/kvsetkeys.sty
Package: kvsetkeys 2012/04/25 v1.16 Key value parser (HO)

(/usr/share/texlive/texmf-dist/tex/generic/oberdiek/etexcmds.sty
Package: etexcmds 2011/02/16 v1.5 Avoid name clashes with e-TeX commands (HO)
Package etexcmds Info: Could not find \expanded.
(etexcmds)             That can mean that you are not using pdfTeX 1.50 or
(etexcmds)             that some package has redefined \expanded.
(etexcmds)             In the latter case, load this package earlier.
)))
Package grfext Info: Graphics extension search list:
(grfext)             [.png,.pdf,.jpg,.mps,.jpeg,.jbig2,.jb2,.PNG,.PDF,.JPG,.JPE
G,.JBIG2,.JB2,.eps]
(grfext)             \AppendGraphicsExtensions on input line 452.

(/usr/share/texlive/texmf-dist/tex/latex/latexconfig/epstopdf-sys.cfg
File: epstopdf-sys.cfg 2010/07/13 v1.3 Configuration of (r)epstopdf for TeX Liv
e
))
LaTeX Font Info:    Try loading font information for U+eur on input line 122.

(/usr/share/texlive/texmf-dist/tex/latex/amsfonts/ueur.fd
File: ueur.fd 2009/06/22 v3.00 Euler Roman
)
LaTeX Font Info:    Try loading font information for U+msa on input line 122.

(/usr/share/texlive/texmf-dist/tex/latex/amsfonts/umsa.fd
File: umsa.fd 2009/06/22 v3.00 AMS symbols A
)
LaTeX Font Info:    Try loading font information for U+lasy on input line 122.

(/usr/share/texlive/texmf-dist/tex/latex/base/ulasy.fd
File: ulasy.fd 1998/08/17 v2.2e LaTeX symbol font definitions
)
LaTeX Font Info:    Try loading font information for U+msb on input line 122.

(/usr/share/texlive/texmf-dist/tex/latex/amsfonts/umsb.fd
File: umsb.fd 2009/06/22 v3.00 AMS symbols B
)

Package natbib Warning: Citation `2001PhR...340..291B' on page 1 undefined on i
nput line 174.


Package natbib Warning: Citation `2003ARA&A..41..645R' on page 1 undefined on i
nput line 174.


Package natbib Warning: Citation `2008ARNPS..58...99H' on page 1 undefined on i
nput line 175.


Package natbib Warning: Citation `2010RPPh...73h6901M' on page 1 undefined on i
nput line 175.


Package natbib Warning: Citation `2008A&A...479....9F' on page 1 undefined on i
nput line 180.


Package natbib Warning: Citation `2010A&A...516A..63S' on page 1 undefined on i
nput line 180.


Package natbib Warning: Citation `2007MNRAS.379..317H' on page 1 undefined on i
nput line 181.


Package natbib Warning: Citation `2010PASJ...62..811O' on page 1 undefined on i
nput line 181.


Package natbib Warning: Citation `2007ApJ...657..183R' on page 1 undefined on i
nput line 184.


Package natbib Warning: Citation `2008MNRAS.387.1179M' on page 1 undefined on i
nput line 184.


Package natbib Warning: Citation `2009ApJ...692.1060V' on page 1 undefined on i
nput line 184.


Package natbib Warning: Citation `2010ApJ...708..645R' on page 1 undefined on i
nput line 184.


Package natbib Warning: Citation `2010MNRAS.408.1463S' on page 1 undefined on i
nput line 187.


Package natbib Warning: Citation `2011arXiv1104.0928L' on page 1 undefined on i
nput line 187.


Package natbib Warning: Citation `2010Natur.464..256R' on page 1 undefined on i
nput line 189.


Package natbib Warning: Citation `2006SPIE.6269E...9M' on page 1 undefined on i
nput line 193.


Package natbib Warning: Citation `2005astro.ph.10346T' on page 1 undefined on i
nput line 194.


Package natbib Warning: Citation `2010SPIE.7733E..12K' on page 1 undefined on i
nput line 198.


Package natbib Warning: Citation `2009arXiv0912.0201L' on page 1 undefined on i
nput line 200.


Overfull \hbox (1.91997pt too wide) in paragraph at lines 202--202
$[]$ []\OT1/cmtt/m/n/8 http://sci.esa.int/science-e/www/area/index.cfm?fareaid
 []


Underfull \vbox (badness 10000) has occurred while \output is active []

LaTeX Font Info:    Try loading font information for OMS+cmr on input line 204.


(/usr/share/texlive/texmf-dist/tex/latex/base/omscmr.fd
File: omscmr.fd 1999/05/25 v2.5h Standard LaTeX font definitions
)
LaTeX Font Info:    Font shape `OMS/cmr/m/n' in size <8> not available
(Font)              Font shape `OMS/cmsy/m/n' tried instead on input line 204.
 [1{/var/lib/texmf/fonts/map/pdftex/updmap/pdftex.map}


]

Package natbib Warning: Citation `2006MNRAS.368.1323H' on page 2 undefined on i
nput line 224.


Package natbib Warning: Citation `2007MNRAS.376...13M' on page 2 undefined on i
nput line 227.


Package natbib Warning: Citation `2003MNRAS.338...35R' on page 2 undefined on i
nput line 228.


Package natbib Warning: Citation `2003MNRAS.338...48R' on page 2 undefined on i
nput line 228.


Package natbib Warning: Citation `2002PASJ...54..833M' on page 2 undefined on i
nput line 231.


Package natbib Warning: Citation `2009AnApS...3....6B' on page 2 undefined on i
nput line 233.


Package natbib Warning: Citation `2010MNRAS.405.2044B' on page 2 undefined on i
nput line 233.


Package natbib Warning: Citation `2010arXiv1009.0779K' on page 2 undefined on i
nput line 234.


Package natbib Warning: Citation `1968adga.book.....S' on page 2 undefined on i
nput line 236.


Package natbib Warning: Citation `2007MNRAS.376...13M' on page 2 undefined on i
nput line 255.


Package natbib Warning: Citation `2010MNRAS.405.2044B' on page 2 undefined on i
nput line 258.


Package natbib Warning: Citation `2007MNRAS.380..229M' on page 2 undefined on i
nput line 262.


Package natbib Warning: Citation `2011MNRAS.414.1047Z' on page 2 undefined on i
nput line 262.


Package natbib Warning: Citation `2010MNRAS.406.2793B' on page 2 undefined on i
nput line 273.


Package natbib Warning: Citation `2011MNRAS.414.1047Z' on page 2 undefined on i
nput line 273.


LaTeX Warning: Reference `S:psfcorrection' on page 2 undefined on input line 27
6.


Package natbib Warning: Citation `2008ApJ...684...34K' on page 2 undefined on i
nput line 284.


Package natbib Warning: Citation `1995ApJ...449..460K' on page 2 undefined on i
nput line 285.


Package natbib Warning: Citation `2003ApJ...597...98H' on page 2 undefined on i
nput line 285.


Package natbib Warning: Citation `2000ApJ...536...79R' on page 2 undefined on i
nput line 286.


Package natbib Warning: Citation `2008ApJ...684...34K' on page 2 undefined on i
nput line 291.


LaTeX Warning: Reference `SS:shapecatalog' on page 2 undefined on input line 30
6.


Package natbib Warning: Citation `2000ApJ...537..555K' on page 2 undefined on i
nput line 316.


Package natbib Warning: Citation `2004MNRAS.353..529H' on page 2 undefined on i
nput line 319.


Package natbib Warning: Citation `2005MNRAS.361.1287M' on page 2 undefined on i
nput line 320.


Package natbib Warning: Citation `2010PASP..122..947D' on page 2 undefined on i
nput line 321.


Package natbib Warning: Citation `2010A&A...510A..75M' on page 2 undefined on i
nput line 327.

[2]

LaTeX Warning: Reference `S:lensing' on page 3 undefined on input line 341.


LaTeX Warning: Reference `S:psfcorrection' on page 3 undefined on input line 34
3.


LaTeX Warning: Reference `S:data' on page 3 undefined on input line 347.


LaTeX Warning: Reference `S:methodology' on page 3 undefined on input line 347.



LaTeX Warning: Reference `S:imageprep' on page 3 undefined on input line 350.


LaTeX Warning: Reference `S:implementation' on page 3 undefined on input line 3
51.


LaTeX Warning: Reference `S:techvalidation' on page 3 undefined on input line 3
54.


LaTeX Warning: Reference `S:results' on page 3 undefined on input line 354.


LaTeX Warning: Reference `S:discussion' on page 3 undefined on input line 355.

LaTeX Font Info:    Font shape `U/lasy/b/n' in size <9> not available
(Font)              Font shape `U/lasy/m/n' tried instead on input line 364.
LaTeX Font Info:    Font shape `U/lasy/b/n' in size <6> not available
(Font)              Font shape `U/lasy/m/n' tried instead on input line 364.
LaTeX Font Info:    Font shape `U/lasy/b/n' in size <5> not available
(Font)              Font shape `U/lasy/m/n' tried instead on input line 364.

LaTeX Warning: Reference `eq:sigmacrit' on page 3 undefined on input line 396.


Package natbib Warning: Citation `2002AJ....123..583B' on page 3 undefined on i
nput line 436.


Package natbib Warning: Citation `2007MNRAS.376...13M' on page 3 undefined on i
nput line 441.


Package natbib Warning: Citation `2010MNRAS.405.2044B' on page 3 undefined on i
nput line 442.


Package natbib Warning: Citation `2004MNRAS.353..529H' on page 3 undefined on i
nput line 445.

[3]

Package natbib Warning: Citation `2000ApJ...537..555K' on page 4 undefined on i
nput line 470.


Package natbib Warning: Citation `2002AJ....123..583B' on page 4 undefined on i
nput line 470.


Package natbib Warning: Citation `2004MNRAS.353..529H' on page 4 undefined on i
nput line 470.


Package natbib Warning: Citation `2004MNRAS.353..529H' on page 4 undefined on i
nput line 475.


Package natbib Warning: Citation `2004MNRAS.353..529H' on page 4 undefined on i
nput line 483.


Package natbib Warning: Citation `2007MNRAS.382..315M' on page 4 undefined on i
nput line 488.


Package natbib Warning: Citation `2006MNRAS.368.1323H' on page 4 undefined on i
nput line 493.


Package natbib Warning: Citation `2007MNRAS.376...13M' on page 4 undefined on i
nput line 493.


Package natbib Warning: Citation `2007MNRAS.376...13M' on page 4 undefined on i
nput line 495.


Package natbib Warning: Citation `2007MNRAS.376...13M' on page 4 undefined on i
nput line 507.


Package natbib Warning: Citation `2010MNRAS.405.2044B' on page 4 undefined on i
nput line 507.


Package natbib Warning: Citation `2007MNRAS.380..229M' on page 4 undefined on i
nput line 542.


Package natbib Warning: Citation `2011MNRAS.414.1047Z' on page 4 undefined on i
nput line 542.


Package natbib Warning: Citation `1985MNRAS.216..429L' on page 4 undefined on i
nput line 542.


Package natbib Warning: Citation `2006MNRAS.370.1339H' on page 4 undefined on i
nput line 542.


Package natbib Warning: Citation `2009ApJS..182..216K' on page 4 undefined on i
nput line 542.


Package natbib Warning: Citation `2010MNRAS.406.2793B' on page 4 undefined on i
nput line 542.


Package natbib Warning: Citation `2010MNRAS.406.2793B' on page 4 undefined on i
nput line 542.


Package natbib Warning: Citation `2010A&A...510A..75M' on page 4 undefined on i
nput line 575.


Package natbib Warning: Citation `2007MNRAS.376...13M' on page 4 undefined on i
nput line 575.


Package natbib Warning: Citation `2007ApJS..172..219L' on page 4 undefined on i
nput line 575.


Package natbib Warning: Citation `2010MNRAS.405.2044B' on page 4 undefined on i
nput line 608.


LaTeX Warning: Reference `S:intro' on page 4 undefined on input line 608.

[4]

Package natbib Warning: Citation `2007ApJS..172..196K' on page 5 undefined on i
nput line 627.


Package natbib Warning: Citation `2007ApJS..172....1S' on page 5 undefined on i
nput line 627.


Package natbib Warning: Citation `2007ApJS..172...38S' on page 5 undefined on i
nput line 627.


Package natbib Warning: Citation `2010MNRAS.401..371M' on page 5 undefined on i
nput line 637.


Package natbib Warning: Citation `2002hstc.conf..337K' on page 5 undefined on i
nput line 640.


Package natbib Warning: Citation `2007ApJS..172..203R' on page 5 undefined on i
nput line 641.


Package natbib Warning: Citation `2007ApJS..172..219L' on page 5 undefined on i
nput line 646.


Package natbib Warning: Citation `2009ApJ...690.1236I' on page 5 undefined on i
nput line 648.


Package natbib Warning: Citation `2007ApJS..172..219L' on page 5 undefined on i
nput line 658.


Package natbib Warning: Citation `2007ApJS..172..219L' on page 5 undefined on i
nput line 659.


Package natbib Warning: Citation `1996A&AS..117..393B' on page 5 undefined on i
nput line 678.


LaTeX Warning: Reference `F:fracstamps' on page 5 undefined on input line 703.


LaTeX Warning: File `figs/fracstamps.ps' not found on input line 709.


! LaTeX Error: Unknown graphics extension: .ps.

See the LaTeX manual or LaTeX Companion for explanation.
Type  H <return>  for immediate help.
 ...                                              
                                                  
l.709 ...\columnwidth,angle=0]{figs/fracstamps.ps}
                                                  
Try typing  <return>  to proceed.
If that doesn't work, type  X <return>  to quit.

[5]

Package natbib Warning: Citation `2000AJ....120.1579Y' on page 6 undefined on i
nput line 722.


Package natbib Warning: Citation `2001AJ....122.2267E' on page 6 undefined on i
nput line 725.


Package natbib Warning: Citation `2002AJ....123.2945R' on page 6 undefined on i
nput line 725.


Package natbib Warning: Citation `2002AJ....124.1810S' on page 6 undefined on i
nput line 725.


Package natbib Warning: Citation `2001AJ....122.2129H' on page 6 undefined on i
nput line 727.


Package natbib Warning: Citation `2004AN....325..583I' on page 6 undefined on i
nput line 727.


Package natbib Warning: Citation `1996AJ....111.1748F' on page 6 undefined on i
nput line 728.


Package natbib Warning: Citation `2002AJ....123.2121S' on page 6 undefined on i
nput line 728.


Package natbib Warning: Citation `1998AJ....116.3040G' on page 6 undefined on i
nput line 730.


Package natbib Warning: Citation `2001ASPC..238..269L' on page 6 undefined on i
nput line 735.


Package natbib Warning: Citation `2003AJ....125.1559P' on page 6 undefined on i
nput line 735.


Package natbib Warning: Citation `2006AN....327..821T' on page 6 undefined on i
nput line 735.


Package natbib Warning: Citation `2009ApJS..182..543A' on page 6 undefined on i
nput line 736.


Package natbib Warning: Citation `2011ApJS..193...29A' on page 6 undefined on i
nput line 738.


Package natbib Warning: Citation `2005MNRAS.361.1287M' on page 6 undefined on i
nput line 762.


Package natbib Warning: Citation `2003MNRAS.343..459H' on page 6 undefined on i
nput line 767.


LaTeX Warning: Reference `S:psfcorrection' on page 6 undefined on input line 77
5.


Package natbib Warning: Citation `2005MNRAS.361.1287M' on page 6 undefined on i
nput line 776.

[6]

LaTeX Warning: Reference `SS:psfmatching' on page 7 undefined on input line 899
.


LaTeX Warning: Reference `SS:shear' on page 7 undefined on input line 901.

LaTeX Font Info:    Font shape `U/lasy/b/n' in size <8> not available
(Font)              Font shape `U/lasy/m/n' tried instead on input line 913.

LaTeX Warning: Reference `F:ftscales' on page 7 undefined on input line 935.


LaTeX Warning: Reference `F:psfs' on page 7 undefined on input line 935.


LaTeX Warning: Reference `E:psfmatch' on page 7 undefined on input line 937.


Package natbib Warning: Citation `2010MNRAS.406.2793B' on page 7 undefined on i
nput line 942.


LaTeX Warning: File `figs/ftscales.ps' not found on input line 946.


! LaTeX Error: Unknown graphics extension: .ps.

See the LaTeX manual or LaTeX Companion for explanation.
Type  H <return>  for immediate help.
 ...                                              
                                                  
l.946 ...h=\columnwidth,angle=0]{figs/ftscales.ps}
                                                  
Try typing  <return>  to proceed.
If that doesn't work, type  X <return>  to quit.


LaTeX Warning: File `figs/example.cosmospsf.eps' not found on input line 960.


! LaTeX Error: Unknown graphics extension: .cosmospsf.eps.

See the LaTeX manual or LaTeX Companion for explanation.
Type  H <return>  for immediate help.
 ...                                              
                                                  
l.960 ...idth,angle=0]{figs/example.cosmospsf.eps}
                                                  
Try typing  <return>  to proceed.
If that doesn't work, type  X <return>  to quit.


LaTeX Warning: File `figs/example.sdsspsf.eps' not found on input line 961.


! LaTeX Error: Unknown graphics extension: .sdsspsf.eps.

See the LaTeX manual or LaTeX Companion for explanation.
Type  H <return>  for immediate help.
 ...                                              
                                                  
l.961 ...nwidth,angle=0]{figs/example.sdsspsf.eps}
                                                  
Try typing  <return>  to proceed.
If that doesn't work, type  X <return>  to quit.


LaTeX Warning: Reference `F:ftscales' on page 7 undefined on input line 971.


LaTeX Warning: Reference `F:ftscales' on page 7 undefined on input line 971.


LaTeX Warning: Reference `E:jacobian' on page 7 undefined on input line 994.


LaTeX Warning: Reference `SS:cosnoise' on page 7 undefined on input line 1012.

[7]

LaTeX Warning: Reference `S:sdssprops' on page 8 undefined on input line 1109.


Package natbib Warning: Citation `2011arXiv1105.5595V' on page 8 undefined on i
nput line 1126.


LaTeX Warning: Reference `SS:cosmos' on page 8 undefined on input line 1128.

[8]

LaTeX Warning: Reference `SS:cosmos' on page 9 undefined on input line 1146.


Underfull \hbox (badness 10000) in paragraph at lines 1150--1150
$[]$ []\OT1/cmtt/m/n/8 http://irsa.ipac.caltech.edu/data/COSMOS/images/
 []


Package natbib Warning: Citation `1998ApJ...500..525S' on page 9 undefined on i
nput line 1175.


Package natbib Warning: Citation `2002AJ....123..485S' on page 9 undefined on i
nput line 1176.


Package natbib Warning: Citation `1980ApJS...43..305K' on page 9 undefined on i
nput line 1178.


Package natbib Warning: Citation `1996A&AS..117..393B' on page 9 undefined on i
nput line 1200.


Package natbib Warning: Citation `2007ApJS..172..219L' on page 9 undefined on i
nput line 1252.


Package natbib Warning: Citation `2007MNRAS.376...13M' on page 9 undefined on i
nput line 1252.


Package natbib Warning: Citation `1998SPIE.3355..608S' on page 9 undefined on i
nput line 1259.


LaTeX Warning: Reference `SS:testtinytim' on page 9 undefined on input line 126
3.

[9]

Package natbib Warning: Citation `2007ApJS..172..219L' on page 10 undefined on 
input line 1266.


LaTeX Warning: Reference `S:sdssprops' on page 10 undefined on input line 1295.



LaTeX Warning: Reference `S:methodology' on page 10 undefined on input line 133
8.


LaTeX Warning: Reference `F:ftscales' on page 10 undefined on input line 1400.


LaTeX Warning: Reference `E:fpdconvimg' on page 10 undefined on input line 1404
.

[10]

LaTeX Warning: Reference `E:f' on page 11 undefined on input line 1409.


LaTeX Warning: Reference `E:f' on page 11 undefined on input line 1423.


LaTeX Warning: Reference `S:methodology' on page 11 undefined on input line 142
6.


LaTeX Warning: Reference `E:linshearft' on page 11 undefined on input line 1427
.


Package natbib Warning: Citation `1983CGIP...23..258P' on page 11 undefined on 
input line 1433.


LaTeX Warning: Reference `SS:interpolation' on page 11 undefined on input line 
1444.


LaTeX Warning: Reference `E:f' on page 11 undefined on input line 1457.


LaTeX Warning: Reference `F:example' on page 11 undefined on input line 1492.


LaTeX Warning: File `figs/93294.cosmos.eps' not found on input line 1501.


! LaTeX Error: Unknown graphics extension: .cosmos.eps.

See the LaTeX manual or LaTeX Companion for explanation.
Type  H <return>  for immediate help.
 ...                                              
                                                  
l.1501 ...th=3.2in,angle=0]{figs/93294.cosmos.eps}
                                                   &
Try typing  <return>  to proceed.
If that doesn't work, type  X <return>  to quit.


LaTeX Warning: File `figs/93294.noshear.nonoise.eps' not found on input line 15
02.


! LaTeX Error: Unknown graphics extension: .noshear.nonoise.eps.

See the LaTeX manual or LaTeX Companion for explanation.
Type  H <return>  for immediate help.
 ...                                              
                                                  
l.1502 ...angle=0]{figs/93294.noshear.nonoise.eps}
                                                  \\
Try typing  <return>  to proceed.
If that doesn't work, type  X <return>  to quit.


LaTeX Warning: File `figs/diffnorm.eps' not found on input line 1503.

Package epstopdf Info: Source file: <figs/diffnorm.eps>
(epstopdf)             Output file: <figs/diffnorm-eps-converted-to.pdf>
(epstopdf)             Command: <repstopdf --outfile=figs/diffnorm-eps-converte
d-to.pdf figs/diffnorm.eps>
(epstopdf)             \includegraphics on input line 1503.
Package epstopdf Info: Output file is already uptodate.

! Package pdftex.def Error: File `figs/diffnorm-eps-converted-to.pdf' not found
.

See the pdftex.def package documentation for explanation.
Type  H <return>  for immediate help.
 ...                                              
                                                  
l.1503 ...[width=2.8in,angle=0]{figs/diffnorm.eps}
                                                   &
Using draft setting for this image.
Try typing  <return>  to proceed.
If that doesn't work, type  X <return>  to quit.


LaTeX Warning: File `figs/93294.shear.nonoise.eps' not found on input line 1504
.


! LaTeX Error: Unknown graphics extension: .shear.nonoise.eps.

See the LaTeX manual or LaTeX Companion for explanation.
Type  H <return>  for immediate help.
 ...                                              
                                                  
l.1504 ...n,angle=0]{figs/93294.shear.nonoise.eps}
                                                   \\
Try typing  <return>  to proceed.
If that doesn't work, type  X <return>  to quit.


LaTeX Warning: Reference `S:implementation' on page 11 undefined on input line 
1525.


LaTeX Warning: Reference `S:implementation' on page 11 undefined on input line 
1532.


Package natbib Warning: Citation `2002AJ....123..583B' on page 11 undefined on 
input line 1550.


LaTeX Warning: Reference `S:implementation' on page 11 undefined on input line 
1551.


Package natbib Warning: Citation `2002AJ....123..583B' on page 11 undefined on 
input line 1560.


Underfull \hbox (badness 1769) in paragraph at lines 1544--1561
[]\OT1/cmr/m/n/9 The first test is of the shear-ing of the pseudo-
 []

[11]
Underfull \vbox (badness 10000) has occurred while \output is active []

 [12]

LaTeX Warning: Reference `SS:cosmos' on page 13 undefined on input line 1659.


LaTeX Warning: Reference `SS:psprep' on page 13 undefined on input line 1660.


LaTeX Warning: Reference `SSS:photometricity' on page 13 undefined on input lin
e 1664.


LaTeX Warning: Reference `F:basicsimresults' on page 13 undefined on input line
 1696.


LaTeX Warning: File `figs/compv2.nonoise.new.paper.rescut.page1.ps' not found o
n input line 1732.


! LaTeX Error: Unknown graphics extension: .nonoise.new.paper.rescut.page1.ps.

See the LaTeX manual or LaTeX Companion for explanation.
Type  H <return>  for immediate help.
 ...                                              
                                                  
l.1732 ...ompv2.nonoise.new.paper.rescut.page1.ps}
                                                   &
Try typing  <return>  to proceed.
If that doesn't work, type  X <return>  to quit.


LaTeX Warning: File `figs/compv2.nonoise.new.paper.rescut.page4.ps' not found o
n input line 1733.


! LaTeX Error: Unknown graphics extension: .nonoise.new.paper.rescut.page4.ps.

See the LaTeX manual or LaTeX Companion for explanation.
Type  H <return>  for immediate help.
 ...                                              
                                                  
l.1733 ...ompv2.nonoise.new.paper.rescut.page4.ps}
                                                   \\
Try typing  <return>  to proceed.
If that doesn't work, type  X <return>  to quit.


LaTeX Warning: File `figs/compv2.nonoise.new.paper.rescut.page2.ps' not found o
n input line 1734.


! LaTeX Error: Unknown graphics extension: .nonoise.new.paper.rescut.page2.ps.

See the LaTeX manual or LaTeX Companion for explanation.
Type  H <return>  for immediate help.
 ...                                              
                                                  
l.1734 ...ompv2.nonoise.new.paper.rescut.page2.ps}
                                                   &
Try typing  <return>  to proceed.
If that doesn't work, type  X <return>  to quit.


LaTeX Warning: File `figs/compv2.nonoise.new.paper.rescut.page5.ps' not found o
n input line 1735.


! LaTeX Error: Unknown graphics extension: .nonoise.new.paper.rescut.page5.ps.

See the LaTeX manual or LaTeX Companion for explanation.
Type  H <return>  for immediate help.
 ...                                              
                                                  
l.1735 ...ompv2.nonoise.new.paper.rescut.page5.ps}
                                                   \\
Try typing  <return>  to proceed.
If that doesn't work, type  X <return>  to quit.


LaTeX Warning: File `figs/compv2.nonoise.new.paper.rescut.page3.ps' not found o
n input line 1737.


! LaTeX Error: Unknown graphics extension: .nonoise.new.paper.rescut.page3.ps.

See the LaTeX manual or LaTeX Companion for explanation.
Type  H <return>  for immediate help.
 ...                                              
                                                  
l.1737 ...ompv2.nonoise.new.paper.rescut.page3.ps}
                                                  
Try typing  <return>  to proceed.
If that doesn't work, type  X <return>  to quit.


LaTeX Warning: Reference `F:origvsrot' on page 13 undefined on input line 1773.



LaTeX Warning: File `figs/compv2.origvsrot.paper.page1.ps' not found on input l
ine 1778.


! LaTeX Error: Unknown graphics extension: .origvsrot.paper.page1.ps.

See the LaTeX manual or LaTeX Companion for explanation.
Type  H <return>  for immediate help.
 ...                                              
                                                  
l.1778 ...0]{figs/compv2.origvsrot.paper.page1.ps}
                                                  
Try typing  <return>  to proceed.
If that doesn't work, type  X <return>  to quit.


LaTeX Warning: File `figs/compv2.origvsrot.paper.page3.ps' not found on input l
ine 1779.


! LaTeX Error: Unknown graphics extension: .origvsrot.paper.page3.ps.

See the LaTeX manual or LaTeX Companion for explanation.
Type  H <return>  for immediate help.
 ...                                              
                                                  
l.1779 ...0]{figs/compv2.origvsrot.paper.page3.ps}
                                                  
Try typing  <return>  to proceed.
If that doesn't work, type  X <return>  to quit.


LaTeX Warning: File `figs/compv2.origvsrot.paper.page6.ps' not found on input l
ine 1780.


! LaTeX Error: Unknown graphics extension: .origvsrot.paper.page6.ps.

See the LaTeX manual or LaTeX Companion for explanation.
Type  H <return>  for immediate help.
 ...                                              
                                                  
l.1780 ...0]{figs/compv2.origvsrot.paper.page6.ps}
                                                  
Try typing  <return>  to proceed.
If that doesn't work, type  X <return>  to quit.

[13]

LaTeX Warning: Reference `F:ftscales' on page 14 undefined on input line 1830.


Package natbib Warning: Citation `2007MNRAS.376...13M' on page 14 undefined on 
input line 1843.


LaTeX Warning: Reference `F:nopdconv' on page 14 undefined on input line 1848.


LaTeX Warning: File `figs/nopdconv.page1.ps' not found on input line 1853.


! LaTeX Error: Unknown graphics extension: .page1.ps.

See the LaTeX manual or LaTeX Companion for explanation.
Type  H <return>  for immediate help.
 ...                                              
                                                  
l.1853 ...h=2.6in,angle=0]{figs/nopdconv.page1.ps}
                                                  
Try typing  <return>  to proceed.
If that doesn't work, type  X <return>  to quit.


LaTeX Warning: File `figs/nopdconv.page2.ps' not found on input line 1854.


! LaTeX Error: Unknown graphics extension: .page2.ps.

See the LaTeX manual or LaTeX Companion for explanation.
Type  H <return>  for immediate help.
 ...                                              
                                                  
l.1854 ...h=2.6in,angle=0]{figs/nopdconv.page2.ps}
                                                  
Try typing  <return>  to proceed.
If that doesn't work, type  X <return>  to quit.


LaTeX Warning: File `figs/nopdconv.page3.ps' not found on input line 1855.


! LaTeX Error: Unknown graphics extension: .page3.ps.

See the LaTeX manual or LaTeX Companion for explanation.
Type  H <return>  for immediate help.
 ...                                              
                                                  
l.1855 ...h=2.6in,angle=0]{figs/nopdconv.page3.ps}
                                                  
Try typing  <return>  to proceed.
If that doesn't work, type  X <return>  to quit.


LaTeX Warning: Reference `F:nopdconv' on page 14 undefined on input line 1871.


LaTeX Warning: Reference `F:ermsmag' on page 14 undefined on input line 1888.


LaTeX Warning: Reference `SSS:shearcalibtrends-nonoise' on page 14 undefined on
 input line 1892.

[14]

LaTeX Warning: Reference `SS:cospsf' on page 15 undefined on input line 1925.


Package natbib Warning: Citation `2007ApJS..172..219L' on page 15 undefined on 
input line 1927.


Package natbib Warning: Citation `2007MNRAS.376...13M' on page 15 undefined on 
input line 1927.


LaTeX Warning: Reference `F:nopdconv' on page 15 undefined on input line 1943.


LaTeX Warning: Reference `S:imageprep' on page 15 undefined on input line 1972.



LaTeX Warning: Reference `SS:validation' on page 15 undefined on input line 198
6.


LaTeX Warning: Reference `SS:testtinytim' on page 15 undefined on input line 20
08.


LaTeX Warning: Reference `F:basicshearcalib' on page 15 undefined on input line
 2031.


LaTeX Warning: Reference `SS:validation' on page 15 undefined on input line 203
3.


LaTeX Warning: Reference `SS:cosmos' on page 15 undefined on input line 2042.


LaTeX Warning: Reference `F:fracstamps' on page 15 undefined on input line 2043
.

[15]

LaTeX Warning: Reference `E:ellipdef' on page 16 undefined on input line 2063.


LaTeX Warning: Reference `F:basicshearcalib' on page 16 undefined on input line
 2082.


LaTeX Warning: File `figs/shearcalib.new.nonoise.paper.page1.ps' not found on i
nput line 2085.


! LaTeX Error: Unknown graphics extension: .new.nonoise.paper.page1.ps.

See the LaTeX manual or LaTeX Companion for explanation.
Type  H <return>  for immediate help.
 ...                                              
                                                  
l.2085 ...s/shearcalib.new.nonoise.paper.page1.ps}
                                                  
Try typing  <return>  to proceed.
If that doesn't work, type  X <return>  to quit.


LaTeX Warning: File `figs/shearcalib.new.nonoise.paper.page2.ps' not found on i
nput line 2086.


! LaTeX Error: Unknown graphics extension: .new.nonoise.paper.page2.ps.

See the LaTeX manual or LaTeX Companion for explanation.
Type  H <return>  for immediate help.
 ...                                              
                                                  
l.2086 ...s/shearcalib.new.nonoise.paper.page2.ps}
                                                  
Try typing  <return>  to proceed.
If that doesn't work, type  X <return>  to quit.


LaTeX Warning: File `figs/shearcalib.new.nonoise.paper.page3.ps' not found on i
nput line 2087.


! LaTeX Error: Unknown graphics extension: .new.nonoise.paper.page3.ps.

See the LaTeX manual or LaTeX Companion for explanation.
Type  H <return>  for immediate help.
 ...                                              
                                                  
l.2087 ...s/shearcalib.new.nonoise.paper.page3.ps}
                                                  
Try typing  <return>  to proceed.
If that doesn't work, type  X <return>  to quit.


Underfull \hbox (badness 2253) in paragraph at lines 2097--2097
[]\OT1/cmr/bx/n/8 Figure 8. []\OT1/cmr/m/n/8 Re-sults of shear cal-i-bra-tion t
ests for the re-
 []


Package natbib Warning: Citation `2007PASP..119.1295H' on page 16 undefined on 
input line 2114.


Package natbib Warning: Citation `2007MNRAS.376...13M' on page 16 undefined on 
input line 2114.


LaTeX Warning: Reference `E:weightfunc' on page 16 undefined on input line 2119
.


LaTeX Warning: Reference `SSS:shearcalibtrends-nonoise' on page 16 undefined on
 input line 2125.


Package natbib Warning: Citation `2005MNRAS.361.1287M' on page 16 undefined on 
input line 2144.


LaTeX Warning: File `figs/shearcalib.trends.paper.page1.ps' not found on input 
line 2159.


! LaTeX Error: Unknown graphics extension: .trends.paper.page1.ps.

See the LaTeX manual or LaTeX Companion for explanation.
Type  H <return>  for immediate help.
 ...                                              
                                                  
l.2159 ...]{figs/shearcalib.trends.paper.page1.ps}
                                                  
Try typing  <return>  to proceed.
If that doesn't work, type  X <return>  to quit.


LaTeX Warning: File `figs/shearcalib.trends.paper.page2.ps' not found on input 
line 2160.


! LaTeX Error: Unknown graphics extension: .trends.paper.page2.ps.

See the LaTeX manual or LaTeX Companion for explanation.
Type  H <return>  for immediate help.
 ...                                              
                                                  
l.2160 ...]{figs/shearcalib.trends.paper.page2.ps}
                                                  
Try typing  <return>  to proceed.
If that doesn't work, type  X <return>  to quit.


LaTeX Warning: File `figs/shearcalib.trends.paper.page3.ps' not found on input 
line 2161.


! LaTeX Error: Unknown graphics extension: .trends.paper.page3.ps.

See the LaTeX manual or LaTeX Companion for explanation.
Type  H <return>  for immediate help.
 ...                                              
                                                  
l.2161 ...]{figs/shearcalib.trends.paper.page3.ps}
                                                  
Try typing  <return>  to proceed.
If that doesn't work, type  X <return>  to quit.


Underfull \hbox (badness 2253) in paragraph at lines 2172--2172
[]\OT1/cmr/bx/n/8 Figure 9. []\OT1/cmr/m/n/8 Re-sults of shear cal-i-bra-tion t
ests for the re-
 []


LaTeX Warning: Reference `E:shearest' on page 16 undefined on input line 2178.


Package natbib Warning: Citation `2002AJ....123..583B' on page 16 undefined on 
input line 2182.


Package natbib Warning: Citation `2007ApJS..172..434S' on page 16 undefined on 
input line 2195.


Package natbib Warning: Citation `1998ApJ...507..585M' on page 16 undefined on 
input line 2196.


LaTeX Warning: Reference `F:shearcalibtrends' on page 16 undefined on input lin
e 2197.


Package natbib Warning: Citation `2005MNRAS.361.1287M' on page 16 undefined on 
input line 2203.

[16]

LaTeX Warning: Reference `F:shearcalibtrends' on page 17 undefined on input lin
e 2208.


Package natbib Warning: Citation `2005MNRAS.361.1287M' on page 17 undefined on 
input line 2215.


LaTeX Warning: Reference `F:shearcalibtrends' on page 17 undefined on input lin
e 2219.


Package natbib Warning: Citation `2005MNRAS.361.1287M' on page 17 undefined on 
input line 2223.


Package natbib Warning: Citation `2005MNRAS.361.1287M' on page 17 undefined on 
input line 2230.


LaTeX Warning: Reference `SS:sdssobscosmos' on page 17 undefined on input line 
2240.


LaTeX Warning: Reference `SSS:shearcalib-nonoise' on page 17 undefined on input
 line 2241.


LaTeX Warning: Reference `SSS:shearcalib-nonoise' on page 17 undefined on input
 line 2249.


LaTeX Warning: Reference `E:skyvar' on page 17 undefined on input line 2271.


Package natbib Warning: Citation `2002AJ....123..583B' on page 17 undefined on 
input line 2271.


Underfull \vbox (badness 4048) has occurred while \output is active []



LaTeX Warning: Reference `E:shearest' on page 17 undefined on input line 2307.


LaTeX Warning: Reference `E:erms-noisy' on page 17 undefined on input line 2326
.


LaTeX Warning: Reference `E:shearest' on page 17 undefined on input line 2327.


LaTeX Warning: Reference `E:erms-nonoise' on page 17 undefined on input line 23
31.


LaTeX Warning: Reference `F:ermsmag' on page 17 undefined on input line 2340.


LaTeX Warning: File `figs/ermsmag.sim.ps' not found on input line 2344.


! LaTeX Error: Unknown graphics extension: .sim.ps.

See the LaTeX manual or LaTeX Companion for explanation.
Type  H <return>  for immediate help.
 ...                                              
                                                  
l.2344 ...olumnwidth,angle=0]{figs/ermsmag.sim.ps}
                                                  
Try typing  <return>  to proceed.
If that doesn't work, type  X <return>  to quit.


LaTeX Warning: Reference `F:ermsmag' on page 17 undefined on input line 2365.

[17]

LaTeX Warning: Reference `F:ermsmag' on page 18 undefined on input line 2375.


Package natbib Warning: Citation `2007ApJS..172..219L' on page 18 undefined on 
input line 2377.


LaTeX Warning: Reference `SS:shapecatalog' on page 18 undefined on input line 2
379.


Package natbib Warning: Citation `2007ApJS..172..219L' on page 18 undefined on 
input line 2380.


LaTeX Warning: Reference `E:relateellip' on page 18 undefined on input line 238
2.


LaTeX Warning: Reference `E:relateellip' on page 18 undefined on input line 238
7.


Package natbib Warning: Citation `2007ApJS..172..219L' on page 18 undefined on 
input line 2389.


LaTeX Warning: Reference `E:relateellip' on page 18 undefined on input line 239
0.


LaTeX Warning: Reference `SSS:shearcalib-nonoise' on page 18 undefined on input
 line 2395.


LaTeX Warning: Reference `F:basicshearcalib' on page 18 undefined on input line
 2403.


LaTeX Warning: Reference `E:weightfunc' on page 18 undefined on input line 2411
.


Package natbib Warning: Citation `2007MNRAS.376...13M' on page 18 undefined on 
input line 2420.


Package natbib Warning: Citation `2007MNRAS.376...13M' on page 18 undefined on 
input line 2427.


LaTeX Warning: Reference `SSS:shearcalib-noisy' on page 18 undefined on input l
ine 2470.


LaTeX Warning: Reference `S:techvalidation' on page 18 undefined on input line 
2510.


Underfull \vbox (badness 1939) has occurred while \output is active []

 [18]

Package natbib Warning: Citation `2008APh....30...65F' on page 19 undefined on 
input line 2525.


Package natbib Warning: Citation `2010ApJ...708..505K' on page 19 undefined on 
input line 2543.


Underfull \hbox (badness 7133) in paragraph at lines 2632--2633
[]\OT1/cmr/m/n/9 Dark En-ergy Sur-vey Col-lab-o-ra-tion, 2005, preprint
 []

[19]
Underfull \hbox (badness 10000) in paragraph at lines 2722--2723
[]\OT1/cmr/m/n/9 LSST Sci-ence Col-lab-o-ra-tions, 2009, preprint
 []


Package natbib Warning: Citation `2011arXiv1107.1395N' on page 20 undefined on 
input line 2896.

[20]

Package natbib Warning: Citation `2001ASPC..238..269L' on page 21 undefined on 
input line 2903.


Overfull \hbox (18.33676pt too wide) in paragraph at lines 2918--2918
$[]$ []\OT1/cmtt/m/n/8 http://www.astro.princeton.edu/~rhl/readAtlasImages.tar.
gz| 
 []


Package natbib Warning: Citation `2008ApJ...674.1217P' on page 21 undefined on 
input line 2927.


LaTeX Warning: Reference `SS:catalogue' on page 21 undefined on input line 2940
.


LaTeX Warning: Reference `SS:shear' on page 21 undefined on input line 2956.


Package natbib Warning: There were undefined citations.

[21] (./simground.aux

Package natbib Warning: Citation(s) may have changed.
(natbib)                Rerun to get citations correct.

)

LaTeX Warning: There were undefined references.


LaTeX Warning: Label(s) may have changed. Rerun to get cross-references right.

 ) 
Here is how much of TeX's memory you used:
 3524 strings out of 495059
 48276 string characters out of 3182030
 110532 words of memory out of 3000000
 6599 multiletter control sequences out of 15000+200000
 25519 words of font info for 97 fonts, out of 3000000 for 9000
 14 hyphenation exceptions out of 8191
 37i,14n,34p,777b,345s stack positions out of 5000i,500n,10000p,200000b,50000s
</usr/share/texlive/texmf-dist/fonts/type1/public/amsfonts/cm/cmbx10.pfb></us
r/share/texlive/texmf-dist/fonts/type1/public/amsfonts/cm/cmbx12.pfb></usr/shar
e/texlive/texmf-dist/fonts/type1/public/amsfonts/cm/cmbx8.pfb></usr/share/texli
ve/texmf-dist/fonts/type1/public/amsfonts/cm/cmbx9.pfb></usr/share/texlive/texm
f-dist/fonts/type1/public/amsfonts/cm/cmbxti10.pfb></usr/share/texlive/texmf-di
st/fonts/type1/public/amsfonts/cm/cmcsc10.pfb></usr/share/texlive/texmf-dist/fo
nts/type1/public/amsfonts/cmextra/cmex9.pfb></usr/share/texlive/texmf-dist/font
s/type1/public/amsfonts/cm/cmmi10.pfb></usr/share/texlive/texmf-dist/fonts/type
1/public/amsfonts/cm/cmmi6.pfb></usr/share/texlive/texmf-dist/fonts/type1/publi
c/amsfonts/cm/cmmi8.pfb></usr/share/texlive/texmf-dist/fonts/type1/public/amsfo
nts/cm/cmmi9.pfb></usr/share/texlive/texmf-dist/fonts/type1/public/amsfonts/cme
xtra/cmmib8.pfb></usr/share/texlive/texmf-dist/fonts/type1/public/amsfonts/cmex
tra/cmmib9.pfb></usr/share/texlive/texmf-dist/fonts/type1/public/amsfonts/cm/cm
r10.pfb></usr/share/texlive/texmf-dist/fonts/type1/public/amsfonts/cm/cmr12.pfb
></usr/share/texlive/texmf-dist/fonts/type1/public/amsfonts/cm/cmr6.pfb></usr/s
hare/texlive/texmf-dist/fonts/type1/public/amsfonts/cm/cmr8.pfb></usr/share/tex
live/texmf-dist/fonts/type1/public/amsfonts/cm/cmr9.pfb></usr/share/texlive/tex
mf-dist/fonts/type1/public/amsfonts/cm/cmssbx10.pfb></usr/share/texlive/texmf-d
ist/fonts/type1/public/amsfonts/cm/cmsy6.pfb></usr/share/texlive/texmf-dist/fon
ts/type1/public/amsfonts/cm/cmsy8.pfb></usr/share/texlive/texmf-dist/fonts/type
1/public/amsfonts/cm/cmsy9.pfb></usr/share/texlive/texmf-dist/fonts/type1/publi
c/amsfonts/cm/cmti12.pfb></usr/share/texlive/texmf-dist/fonts/type1/public/amsf
onts/cm/cmti8.pfb></usr/share/texlive/texmf-dist/fonts/type1/public/amsfonts/cm
/cmti9.pfb></usr/share/texlive/texmf-dist/fonts/type1/public/amsfonts/cm/cmtt8.
pfb></usr/share/texlive/texmf-dist/fonts/type1/public/amsfonts/cm/cmtt9.pfb></u
sr/share/texlive/texmf-dist/fonts/type1/public/amsfonts/symbols/msam10.pfb>
Output written on simground.pdf (21 pages, 480791 bytes).
PDF statistics:
 185 PDF objects out of 1000 (max. 8388607)
 132 compressed objects within 2 object streams
 0 named destinations out of 1000 (max. 500000)
 1 words of extra memory for PDF output out of 10000 (max. 10000000)

