This is pdfTeX, Version 3.1415926-2.5-1.40.14 (TeX Live 2013/Debian) (format=pdflatex 2014.4.30)  10 JUL 2014 00:09
entering extended mode
 restricted \write18 enabled.
 %&-line parsing enabled.
**paper_v1.tex
(./paper_v1.tex
LaTeX2e <2011/06/27>
Babel <3.9h> and hyphenation patterns for 2 languages loaded.
(/home/arunkannawadi/texmf/tex/latex/mn2e.cls
Document Class: mn2e 2001/02/06 v2.2 LaTeX2e MN document class
Document Style `MN' v2.2, released 2001 February 20
\math@groups=\toks14
LaTeX Font Info:    Overwriting symbol font `symbols' in version `bold'
(Font)                  OMS/cmsy/b/n --> OMS/cmsy/b/n on input line 223.
\symbmisymbols=\mathgroup4
\symUPM=\mathgroup5
LaTeX Font Info:    Overwriting symbol font `UPM' in version `bold'
(Font)                  U/eur/m/n --> U/eur/b/n on input line 260.
\symAMSa=\mathgroup6
\SFB@measure=\dimen102
\realparindent=\skip41
\c@part=\count79
\c@section=\count80
\c@subsection=\count81
\c@subsubsection=\count82
\c@paragraph=\count83
\c@subparagraph=\count84
\@indentskip=\skip42
\smallindent=\skip43
\@footindent=\skip44
\@leftskip=\skip45
\c@dummy=\count85
(/usr/share/texlive/texmf-dist/tex/latex/natbib/natbib.sty
Package: natbib 2010/09/13 8.31b (PWD, AO)
\bibhang=\skip46
\bibsep=\skip47
LaTeX Info: Redefining \cite on input line 694.
\c@NAT@ctr=\count86
)
\c@table=\count87
\c@figure=\count88
\mathindent=\dimen103
)
(/usr/share/texlive/texmf-dist/tex/latex/amsmath/amsmath.sty
Package: amsmath 2013/01/14 v2.14 AMS math features
\@mathmargin=\skip48

For additional information on amsmath, use the `?' option.
(/usr/share/texlive/texmf-dist/tex/latex/amsmath/amstext.sty
Package: amstext 2000/06/29 v2.01

(/usr/share/texlive/texmf-dist/tex/latex/amsmath/amsgen.sty
File: amsgen.sty 1999/11/30 v2.0
\@emptytoks=\toks15
\ex@=\dimen104
))
(/usr/share/texlive/texmf-dist/tex/latex/amsmath/amsbsy.sty
Package: amsbsy 1999/11/29 v1.2d
\pmbraise@=\dimen105
)
(/usr/share/texlive/texmf-dist/tex/latex/amsmath/amsopn.sty
Package: amsopn 1999/12/14 v2.01 operator names
)
\inf@bad=\count89
LaTeX Info: Redefining \frac on input line 210.
\uproot@=\count90
\leftroot@=\count91
LaTeX Info: Redefining \overline on input line 306.
\classnum@=\count92
\DOTSCASE@=\count93
LaTeX Info: Redefining \ldots on input line 378.
LaTeX Info: Redefining \dots on input line 381.
LaTeX Info: Redefining \cdots on input line 466.
\Mathstrutbox@=\box26
\strutbox@=\box27
\big@size=\dimen106
LaTeX Font Info:    Redeclaring font encoding OML on input line 566.
LaTeX Font Info:    Redeclaring font encoding OMS on input line 567.
\macc@depth=\count94
\c@MaxMatrixCols=\count95
\dotsspace@=\muskip10
\c@parentequation=\count96
\dspbrk@lvl=\count97
\tag@help=\toks16
\row@=\count98
\column@=\count99
\maxfields@=\count100
\andhelp@=\toks17
\eqnshift@=\dimen107
\alignsep@=\dimen108
\tagshift@=\dimen109
\tagwidth@=\dimen110
\totwidth@=\dimen111
\lineht@=\dimen112
\@envbody=\toks18
\multlinegap=\skip49
\multlinetaggap=\skip50
\mathdisplay@stack=\toks19
LaTeX Info: Redefining \[ on input line 2665.
LaTeX Info: Redefining \] on input line 2666.
)
(/usr/share/texlive/texmf-dist/tex/latex/base/latexsym.sty
Package: latexsym 1998/08/17 v2.2e Standard LaTeX package (lasy symbols)
\symlasy=\mathgroup7
LaTeX Font Info:    Overwriting symbol font `lasy' in version `bold'
(Font)                  U/lasy/m/n --> U/lasy/b/n on input line 47.
)
(/usr/share/texlive/texmf-dist/tex/latex/graphics/epsfig.sty
Package: epsfig 1999/02/16 v1.7a (e)psfig emulation (SPQR)

(/usr/share/texlive/texmf-dist/tex/latex/graphics/graphicx.sty
Package: graphicx 1999/02/16 v1.0f Enhanced LaTeX Graphics (DPC,SPQR)

(/usr/share/texlive/texmf-dist/tex/latex/graphics/keyval.sty
Package: keyval 1999/03/16 v1.13 key=value parser (DPC)
\KV@toks@=\toks20
)
(/usr/share/texlive/texmf-dist/tex/latex/graphics/graphics.sty
Package: graphics 2009/02/05 v1.0o Standard LaTeX Graphics (DPC,SPQR)

(/usr/share/texlive/texmf-dist/tex/latex/graphics/trig.sty
Package: trig 1999/03/16 v1.09 sin cos tan (DPC)
)
(/usr/share/texlive/texmf-dist/tex/latex/latexconfig/graphics.cfg
File: graphics.cfg 2010/04/23 v1.9 graphics configuration of TeX Live
)
Package graphics Info: Driver file: pdftex.def on input line 91.

(/usr/share/texlive/texmf-dist/tex/latex/pdftex-def/pdftex.def
File: pdftex.def 2011/05/27 v0.06d Graphics/color for pdfTeX

(/usr/share/texlive/texmf-dist/tex/generic/oberdiek/infwarerr.sty
Package: infwarerr 2010/04/08 v1.3 Providing info/warning/error messages (HO)
)
(/usr/share/texlive/texmf-dist/tex/generic/oberdiek/ltxcmds.sty
Package: ltxcmds 2011/11/09 v1.22 LaTeX kernel commands for general use (HO)
)
\Gread@gobject=\count101
))
\Gin@req@height=\dimen113
\Gin@req@width=\dimen114
)
\epsfxsize=\dimen115
\epsfysize=\dimen116
)
(/usr/share/texlive/texmf-dist/tex/latex/subfig/subfig.sty
Package: subfig 2005/06/28 ver: 1.3 subfig package


Package subfig Warning: Your document class has a bad definition
 of \endfigure, most likely
 \let\endfigure=\end@float
 which has now been changed to
 \def\endfigure{\end@float}
 because otherwise subsequent changes to \end@float
 (like done by several packages changing float behaviour)
 can't take effect on \endfigure.
 Please complain to your document class author.


Package subfig Warning: Your document class has a bad definition
 of \endtable, most likely
 \let\endtable=\end@float
 which has now been changed to
 \def\endtable{\end@float}
 because otherwise subsequent changes to \end@float
 (like done by several packages changing float behaviour)
 can't take effect on \endtable.
 Please complain to your document class author.

(/usr/share/texlive/texmf-dist/tex/latex/caption/caption.sty
Package: caption 2013/05/02 v3.3-89 Customizing captions (AR)

(/usr/share/texlive/texmf-dist/tex/latex/caption/caption3.sty
Package: caption3 2013/05/02 v1.6-88 caption3 kernel (AR)
Package caption3 Info: TeX engine: e-TeX on input line 57.
\captionmargin=\dimen117
\captionmargin@=\dimen118
\captionwidth=\dimen119
\caption@tempdima=\dimen120
\caption@indent=\dimen121
\caption@parindent=\dimen122
\caption@hangindent=\dimen123
\abovecaptionskip=\skip51
\belowcaptionskip=\skip52
Package caption Info: Unknown document class (or package),
(caption)             standard defaults will be used.
)

Package caption Warning: Unsupported document class (or package) detected,
(caption)                usage of the caption package is not recommended.
See the caption package documentation for explanation.

Package caption Info: \@makecaption = undefined.
\c@ContinuedFloat=\count102
)
\c@KVtest=\count103
\sf@farskip=\skip53
\sf@captopadj=\dimen124
\sf@capskip=\skip54
\sf@nearskip=\skip55
\c@subfigure=\count104
\c@subfigure@save=\count105
\c@lofdepth=\count106
\c@subtable=\count107
\c@subtable@save=\count108
\c@lotdepth=\count109
\sf@top=\skip56
\sf@bottom=\skip57
) (/usr/share/texlive/texmf-dist/tex/latex/float/float.sty
Package: float 2001/11/08 v1.3d Float enhancements (AL)
\c@float@type=\count110
\float@exts=\toks21
\float@box=\box28
\@float@everytoks=\toks22
\@floatcapt=\box29
) (./paper_v1.aux)
\openout1 = `paper_v1.aux'.

LaTeX Font Info:    Checking defaults for OML/cmm/m/it on input line 124.
LaTeX Font Info:    ... okay on input line 124.
LaTeX Font Info:    Checking defaults for T1/cmr/m/n on input line 124.
LaTeX Font Info:    ... okay on input line 124.
LaTeX Font Info:    Checking defaults for OT1/cmr/m/n on input line 124.
LaTeX Font Info:    ... okay on input line 124.
LaTeX Font Info:    Checking defaults for OMS/cmsy/m/n on input line 124.
LaTeX Font Info:    ... okay on input line 124.
LaTeX Font Info:    Checking defaults for OMX/cmex/m/n on input line 124.
LaTeX Font Info:    ... okay on input line 124.
LaTeX Font Info:    Checking defaults for U/cmr/m/n on input line 124.
LaTeX Font Info:    ... okay on input line 124.

(/usr/share/texlive/texmf-dist/tex/context/base/supp-pdf.mkii
[Loading MPS to PDF converter (version 2006.09.02).]
\scratchcounter=\count111
\scratchdimen=\dimen125
\scratchbox=\box30
\nofMPsegments=\count112
\nofMParguments=\count113
\everyMPshowfont=\toks23
\MPscratchCnt=\count114
\MPscratchDim=\dimen126
\MPnumerator=\count115
\makeMPintoPDFobject=\count116
\everyMPtoPDFconversion=\toks24
) (/usr/share/texlive/texmf-dist/tex/generic/oberdiek/pdftexcmds.sty
Package: pdftexcmds 2011/11/29 v0.20 Utility functions of pdfTeX for LuaTeX (HO
)

(/usr/share/texlive/texmf-dist/tex/generic/oberdiek/ifluatex.sty
Package: ifluatex 2010/03/01 v1.3 Provides the ifluatex switch (HO)
Package ifluatex Info: LuaTeX not detected.
)
(/usr/share/texlive/texmf-dist/tex/generic/oberdiek/ifpdf.sty
Package: ifpdf 2011/01/30 v2.3 Provides the ifpdf switch (HO)
Package ifpdf Info: pdfTeX in PDF mode is detected.
)
Package pdftexcmds Info: LuaTeX not detected.
Package pdftexcmds Info: \pdf@primitive is available.
Package pdftexcmds Info: \pdf@ifprimitive is available.
Package pdftexcmds Info: \pdfdraftmode found.
)
(/usr/share/texlive/texmf-dist/tex/latex/oberdiek/epstopdf-base.sty
Package: epstopdf-base 2010/02/09 v2.5 Base part for package epstopdf

(/usr/share/texlive/texmf-dist/tex/latex/oberdiek/grfext.sty
Package: grfext 2010/08/19 v1.1 Manage graphics extensions (HO)

(/usr/share/texlive/texmf-dist/tex/generic/oberdiek/kvdefinekeys.sty
Package: kvdefinekeys 2011/04/07 v1.3 Define keys (HO)
))
(/usr/share/texlive/texmf-dist/tex/latex/oberdiek/kvoptions.sty
Package: kvoptions 2011/06/30 v3.11 Key value format for package options (HO)

(/usr/share/texlive/texmf-dist/tex/generic/oberdiek/kvsetkeys.sty
Package: kvsetkeys 2012/04/25 v1.16 Key value parser (HO)

(/usr/share/texlive/texmf-dist/tex/generic/oberdiek/etexcmds.sty
Package: etexcmds 2011/02/16 v1.5 Avoid name clashes with e-TeX commands (HO)
Package etexcmds Info: Could not find \expanded.
(etexcmds)             That can mean that you are not using pdfTeX 1.50 or
(etexcmds)             that some package has redefined \expanded.
(etexcmds)             In the latter case, load this package earlier.
)))
Package grfext Info: Graphics extension search list:
(grfext)             [.png,.pdf,.jpg,.mps,.jpeg,.jbig2,.jb2,.PNG,.PDF,.JPG,.JPE
G,.JBIG2,.JB2,.eps]
(grfext)             \AppendGraphicsExtensions on input line 452.

(/usr/share/texlive/texmf-dist/tex/latex/latexconfig/epstopdf-sys.cfg
File: epstopdf-sys.cfg 2010/07/13 v1.3 Configuration of (r)epstopdf for TeX Liv
e
))
Package caption Info: Begin \AtBeginDocument code.
Package caption Info: subfig package v1.3 is loaded.
Package caption Info: float package is loaded.
Package caption Info: End \AtBeginDocument code.
LaTeX Font Info:    Try loading font information for U+eur on input line 125.

(/usr/share/texlive/texmf-dist/tex/latex/amsfonts/ueur.fd
File: ueur.fd 2013/01/14 v3.01 Euler Roman
)
LaTeX Font Info:    Try loading font information for U+msa on input line 125.

(/usr/share/texlive/texmf-dist/tex/latex/amsfonts/umsa.fd
File: umsa.fd 2013/01/14 v3.01 AMS symbols A
)
LaTeX Font Info:    Try loading font information for U+lasy on input line 125.

(/usr/share/texlive/texmf-dist/tex/latex/base/ulasy.fd
File: ulasy.fd 1998/08/17 v2.2e LaTeX symbol font definitions
)
Overfull \hbox (70.7104pt too wide) in paragraph at lines 125--125
[][]  
 []


Package natbib Warning: Citation `Claire_Fits' on page 1 undefined on input lin
e 146.

<Figures/fig1.png, id=1, 1233.6489pt x 641.0349pt>
File: Figures/fig1.png Graphic file (type png)
 <use Figures/fig1.png>
Package pdftex.def Info: Figures/fig1.png used on input line 157.
(pdftex.def)             Requested size: 240.0pt x 124.70296pt.

Underfull \vbox (badness 10000) has occurred while \output is active []

LaTeX Font Info:    Try loading font information for OMS+cmr on input line 189.


(/usr/share/texlive/texmf-dist/tex/latex/base/omscmr.fd
File: omscmr.fd 1999/05/25 v2.5h Standard LaTeX font definitions
)
LaTeX Font Info:    Font shape `OMS/cmr/m/n' in size <8> not available
(Font)              Font shape `OMS/cmsy/m/n' tried instead on input line 189.
 [1{/var/lib/texmf/fonts/map/pdftex/updmap/pdftex.map}


 <./Figures/fig1.png>]
<Figures/fig3.png, id=30, 1156.32pt x 872.2989pt>
File: Figures/fig3.png Graphic file (type png)
 <use Figures/fig3.png>
Package pdftex.def Info: Figures/fig3.png used on input line 196.
(pdftex.def)             Requested size: 240.0pt x 181.04523pt.

<Figures/fig4.png, id=31, 1233.6489pt x 641.0349pt>
File: Figures/fig4.png Graphic file (type png)
 <use Figures/fig4.png>
Package pdftex.def Info: Figures/fig4.png used on input line 208.
(pdftex.def)             Requested size: 240.0pt x 124.70296pt.


LaTeX Warning: Reference `fig3' on page 2 undefined on input line 217.

<../plots_20140219/comoving_densities(2b).png, id=32, 1156.32pt x 872.2989pt>
File: ../plots_20140219/comoving_densities(2b).png Graphic file (type png)

<use ../plots_20140219/comoving_densities(2b).png>
Package pdftex.def Info: ../plots_20140219/comoving_densities(2b).png used on i
nput line 237.
(pdftex.def)             Requested size: 240.0pt x 181.04523pt.
 [2 <./Figures/fig3.png> <./Figures/fig4.png> <../plots_20140219/comoving_densi
ties(2b).png>]
Underfull \hbox (badness 1383) in paragraph at lines 263--265
\OT1/cmr/m/n/9 in \OT1/cmr/bx/n/9 Ta-ble 1\OT1/cmr/m/n/9 . Test statis-tic and 
$\OML/cmm/m/it/9 p$\OT1/cmr/m/n/9 -values are ob-tained
 []


Underfull \hbox (badness 1173) in paragraph at lines 263--265
\OT1/cmr/m/n/9 from Kolmogorov-Smirnov test (KS-test) and 2-sample
 []


Underfull \hbox (badness 4859) in paragraph at lines 274--286
[]\OT1/cmr/bx/n/9 Table 1 (needs up-date)  \OT1/cmr/m/n/9 - $\OML/cmm/m/it/9 p$
\OT1/cmr/m/n/9 -value ma-trix
 []


<Figures/axisratio(0)_0dot3-0dot4_0dot65-0dot75.png, id=40, 1445.4pt x 1031.292
9pt>
File: Figures/axisratio(0)_0dot3-0dot4_0dot65-0dot75.png Graphic file (type png
)
 <use Figures/axisratio(0)_0dot3-0dot4_0dot65-0dot75.png>
Package pdftex.def Info: Figures/axisratio(0)_0dot3-0dot4_0dot65-0dot75.png use
d on input line 308.
(pdftex.def)             Requested size: 215.99854pt x 154.10501pt.

<Figures/axisratio(0)_0dot3-0dot4_0dot80-0dot85.png, id=41, 1445.4pt x 1031.292
9pt>
File: Figures/axisratio(0)_0dot3-0dot4_0dot80-0dot85.png Graphic file (type png
)
 <use Figures/axisratio(0)_0dot3-0dot4_0dot80-0dot85.png>
Package pdftex.def Info: Figures/axisratio(0)_0dot3-0dot4_0dot80-0dot85.png use
d on input line 309.
(pdftex.def)             Requested size: 215.99854pt x 154.10501pt.

<Figures/axisratio(0)_0dot65-0dot75_0dot8-0dot85.png, id=42, 1445.4pt x 1031.29
29pt>
File: Figures/axisratio(0)_0dot65-0dot75_0dot8-0dot85.png Graphic file (type pn
g)
 <use Figures/axisratio(0)_0dot65-0dot75_0dot8-0dot85.png>
Package pdftex.def Info: Figures/axisratio(0)_0dot65-0dot75_0dot8-0dot85.png us
ed on input line 310.
(pdftex.def)             Requested size: 215.99854pt x 154.10501pt.

<Figures/axisratio(0)_0dot55-0dot65_0dot75-0dot8.png, id=43, 1445.4pt x 1031.29
29pt>
File: Figures/axisratio(0)_0dot55-0dot65_0dot75-0dot8.png Graphic file (type pn
g)
 <use Figures/axisratio(0)_0dot55-0dot65_0dot75-0dot8.png>
Package pdftex.def Info: Figures/axisratio(0)_0dot55-0dot65_0dot75-0dot8.png us
ed on input line 311.
(pdftex.def)             Requested size: 215.99854pt x 154.10501pt.

<Figures/axisratio(0)_0dot55-0dot65_0dot65-0dot75.png, id=44, 1445.4pt x 1031.2
929pt>
File: Figures/axisratio(0)_0dot55-0dot65_0dot65-0dot75.png Graphic file (type p
ng)
 <use Figures/axisratio(0)_0dot55-0dot65_0dot65-0dot75.png>
Package pdftex.def Info: Figures/axisratio(0)_0dot55-0dot65_0dot65-0dot75.png u
sed on input line 318.
(pdftex.def)             Requested size: 215.99854pt x 154.10501pt.

<Figures/axisratio(0)_0dot3-0dot4_0dot55-0dot65.png, id=45, 1445.4pt x 1031.292
9pt>
File: Figures/axisratio(0)_0dot3-0dot4_0dot55-0dot65.png Graphic file (type png
)
 <use Figures/axisratio(0)_0dot3-0dot4_0dot55-0dot65.png>
Package pdftex.def Info: Figures/axisratio(0)_0dot3-0dot4_0dot55-0dot65.png use
d on input line 319.
(pdftex.def)             Requested size: 215.99854pt x 154.10501pt.

<Figures/axisratio(0)_0dot3-0dot4_0dot75-0dot8.png, id=46, 1445.4pt x 1031.2929
pt>
File: Figures/axisratio(0)_0dot3-0dot4_0dot75-0dot8.png Graphic file (type png)

 <use Figures/axisratio(0)_0dot3-0dot4_0dot75-0dot8.png>
Package pdftex.def Info: Figures/axisratio(0)_0dot3-0dot4_0dot75-0dot8.png used
 on input line 320.
(pdftex.def)             Requested size: 215.99854pt x 154.10501pt.

<Figures/axisratio(0)_0dot65-0dot75_0dot75-0dot8.png, id=47, 1445.4pt x 1031.29
29pt>
File: Figures/axisratio(0)_0dot65-0dot75_0dot75-0dot8.png Graphic file (type pn
g)
 <use Figures/axisratio(0)_0dot65-0dot75_0dot75-0dot8.png>
Package pdftex.def Info: Figures/axisratio(0)_0dot65-0dot75_0dot75-0dot8.png us
ed on input line 321.
(pdftex.def)             Requested size: 215.99854pt x 154.10501pt.


Package caption Warning: \label without proper \caption on input line 335.
See the caption package documentation for explanation.


LaTeX Warning: Reference `fig:rms_ellip' on page 3 undefined on input line 329.


<Figures/rms_ellip1.png, id=48, 1445.4pt x 1031.2929pt>
File: Figures/rms_ellip1.png Graphic file (type png)

<use Figures/rms_ellip1.png>
Package pdftex.def Info: Figures/rms_ellip1.png used on input line 333.
(pdftex.def)             Requested size: 215.99854pt x 154.10501pt.

<Figures/rms_ellip2.png, id=49, 1445.4pt x 1031.2929pt>
File: Figures/rms_ellip2.png Graphic file (type png)

<use Figures/rms_ellip2.png>
Package pdftex.def Info: Figures/rms_ellip2.png used on input line 334.
(pdftex.def)             Requested size: 215.99854pt x 154.10501pt.
 (./paper_v1.bbl)

Package natbib Warning: There were undefined citations.

[3]
Underfull \vbox (badness 10000) has occurred while \output is active []

 [4 <./Figures/axisratio(0)_0dot3-0dot4_0dot65-0dot75.png> <./Figures/axisratio
(0)_0dot3-0dot4_0dot80-0dot85.png> <./Figures/axisratio(0)_0dot65-0dot75_0dot8-
0dot85.png> <./Figures/axisratio(0)_0dot55-0dot65_0dot75-0dot8.png>]
Underfull \vbox (badness 10000) has occurred while \output is active []

 [5 <./Figures/axisratio(0)_0dot55-0dot65_0dot65-0dot75.png> <./Figures/axisrat
io(0)_0dot3-0dot4_0dot55-0dot65.png> <./Figures/axisratio(0)_0dot3-0dot4_0dot75
-0dot8.png> <./Figures/axisratio(0)_0dot65-0dot75_0dot75-0dot8.png> <./Figures/
rms_ellip1.png> <./Figures/rms_ellip2.png>] (./paper_v1.aux)

LaTeX Warning: There were undefined references.

 ) 
Here is how much of TeX's memory you used:
 4200 strings out of 495028
 61436 string characters out of 6181497
 127943 words of memory out of 5000000
 7318 multiletter control sequences out of 15000+600000
 19174 words of font info for 73 fonts, out of 8000000 for 9000
 14 hyphenation exceptions out of 8191
 44i,14n,42p,1088b,316s stack positions out of 5000i,500n,10000p,200000b,80000s
</usr/share/texlive/texmf-dist/fonts/type1/public/amsfonts/cm/cmbx10.pfb></us
r/share/texlive/texmf-dist/fonts/type1/public/amsfonts/cm/cmbx12.pfb></usr/shar
e/texlive/texmf-dist/fonts/type1/public/amsfonts/cm/cmbx8.pfb></usr/share/texli
ve/texmf-dist/fonts/type1/public/amsfonts/cm/cmbx9.pfb></usr/share/texlive/texm
f-dist/fonts/type1/public/amsfonts/cm/cmmi10.pfb></usr/share/texlive/texmf-dist
/fonts/type1/public/amsfonts/cm/cmmi6.pfb></usr/share/texlive/texmf-dist/fonts/
type1/public/amsfonts/cm/cmmi8.pfb></usr/share/texlive/texmf-dist/fonts/type1/p
ublic/amsfonts/cm/cmmi9.pfb></usr/share/texlive/texmf-dist/fonts/type1/public/a
msfonts/cm/cmr10.pfb></usr/share/texlive/texmf-dist/fonts/type1/public/amsfonts
/cm/cmr12.pfb></usr/share/texlive/texmf-dist/fonts/type1/public/amsfonts/cm/cmr
5.pfb></usr/share/texlive/texmf-dist/fonts/type1/public/amsfonts/cm/cmr6.pfb></
usr/share/texlive/texmf-dist/fonts/type1/public/amsfonts/cm/cmr8.pfb></usr/shar
e/texlive/texmf-dist/fonts/type1/public/amsfonts/cm/cmr9.pfb></usr/share/texliv
e/texmf-dist/fonts/type1/public/amsfonts/cm/cmsy6.pfb></usr/share/texlive/texmf
-dist/fonts/type1/public/amsfonts/cm/cmsy8.pfb></usr/share/texlive/texmf-dist/f
onts/type1/public/amsfonts/cm/cmsy9.pfb></usr/share/texlive/texmf-dist/fonts/ty
pe1/public/amsfonts/cm/cmti12.pfb></usr/share/texlive/texmf-dist/fonts/type1/pu
blic/amsfonts/cm/cmti8.pfb></usr/share/texlive/texmf-dist/fonts/type1/public/am
sfonts/cm/cmti9.pfb></usr/share/texlive/texmf-dist/fonts/type1/public/amsfonts/
cm/cmtt8.pfb></usr/share/texlive/texmf-dist/fonts/type1/public/amsfonts/cm/cmtt
9.pfb></usr/share/texlive/texmf-dist/fonts/type1/public/amsfonts/symbols/msam10
.pfb>
Output written on paper_v1.pdf (5 pages, 1226554 bytes).
PDF statistics:
 141 PDF objects out of 1000 (max. 8388607)
 82 compressed objects within 1 object stream
 0 named destinations out of 1000 (max. 500000)
 71 words of extra memory for PDF output out of 10000 (max. 10000000)

